{
  "stats": {
    "suites": 1,
    "tests": 8,
    "passes": 7,
    "pending": 0,
    "failures": 1,
    "start": "2026-04-22T14:22:21.071Z",
    "end": "2026-04-22T14:23:26.413Z",
    "duration": 65342,
    "testsRegistered": 8,
    "passPercent": 87.5,
    "pendingPercent": 0,
    "other": 0,
    "hasOther": false,
    "skipped": 0,
    "hasSkipped": false
  },
  "results": [
    {
      "uuid": "dbfccdf9-f5e9-483c-8527-2b133800142d",
      "title": "",
      "fullFile": "cypress\\e2e\\features\\TS01_Login.feature",
      "file": "cypress\\e2e\\features\\TS01_Login.feature",
      "beforeHooks": [],
      "afterHooks": [],
      "tests": [],
      "suites": [
        {
          "uuid": "e773a537-88f4-461d-9825-e55c1388b9bd",
          "title": "US01 / TS01 - Login",
          "fullFile": "",
          "file": "",
          "beforeHooks": [],
          "afterHooks": [],
          "tests": [
            {
              "title": "TC01_Login-UI-Presence: Verify Login Popup UI and Functional Elements",
              "fullTitle": "US01 / TS01 - Login TC01_Login-UI-Presence: Verify Login Popup UI and Functional Elements",
              "timedOut": null,
              "duration": 5836,
              "state": "passed",
              "speed": "medium",
              "pass": true,
              "fail": false,
              "pending": false,
              "context": "{\n  \"title\": \"cypress-mochawesome-reporter-videos-passed\",\n  \"value\": \"cypress\\\\e2e\\\\features\\\\TS01_Login.feature\"\n}",
              "code": "var _a2, _b2, _c2, _d, _e;\n(0, assertions_1.assert)(context.includedPickles[0].id === pickle.id, \"Included pickle stack is unsynchronized\");\nconst { remainingSteps, testCaseStartedId } = retrieveInternalSpecProperties();\ntaskTestCaseStarted(context, {\n  id: testCaseStartedId,\n  testCaseId,\n  attempt: attempt++,\n  timestamp: (0, messages_1.createTimestamp)()\n});\nwindow.testState = {\n  gherkinDocument,\n  pickles,\n  pickle\n};\nconst onAfterStep = (options) => {\n  var _a3, _b3, _c3;\n  const { testStepId, testStepResult } = options;\n  const end = (0, messages_1.createTimestamp)();\n  if (testStepResult.status === messages.TestStepResultStatus.PENDING || testStepResult.status === messages.TestStepResultStatus.SKIPPED) {\n    taskTestStepFinished(context, {\n      testStepId,\n      testCaseStartedId,\n      testStepResult,\n      timestamp: end\n    });\n    remainingSteps.shift();\n    for (const skippedStep of remainingSteps) {\n      const hookIdOrPickleStepId = (0, assertions_1.ensure)((_b3 = (_a3 = skippedStep.hook) === null || _a3 === void 0 ? void 0 : _a3.id) !== null && _b3 !== void 0 ? _b3 : (_c3 = skippedStep.pickleStep) === null || _c3 === void 0 ? void 0 : _c3.id, \"Expected a step to either be a hook or a pickleStep\");\n      const testStepId2 = getTestStepId({\n        context,\n        pickleId: pickle.id,\n        hookIdOrPickleStepId\n      });\n      taskTestStepStarted(context, {\n        testStepId: testStepId2,\n        testCaseStartedId,\n        timestamp: (0, messages_1.createTimestamp)()\n      });\n      taskTestStepFinished(context, {\n        testStepId: testStepId2,\n        testCaseStartedId,\n        testStepResult: {\n          status: messages.TestStepResultStatus.SKIPPED,\n          duration: {\n            seconds: 0,\n            nanos: 0\n          }\n        },\n        timestamp: (0, messages_1.createTimestamp)()\n      });\n    }\n    for (let i = 0, count = remainingSteps.length; i < count; i++) {\n      remainingSteps.pop();\n    }\n    cy.then(() => this.skip());\n  } else {\n    taskTestStepFinished(context, {\n      testStepId,\n      testCaseStartedId,\n      testStepResult,\n      timestamp: (0, messages_1.createTimestamp)()\n    });\n    remainingSteps.shift();\n  }\n};\nfor (const step of steps) {\n  if (step.hook) {\n    const hook = step.hook;\n    const testStepId = getTestStepId({\n      context,\n      pickleId: pickle.id,\n      hookIdOrPickleStepId: hook.id\n    });\n    cy.then(() => {\n      delete window.testState.pickleStep;\n      const start = (0, messages_1.createTimestamp)();\n      internalProperties.currentStepStartedAt = start;\n      taskTestStepStarted(context, {\n        testStepId,\n        testCaseStartedId,\n        timestamp: start\n      });\n      return cy.wrap(start, { log: false });\n    }).then((start) => {\n      const options = {\n        pickle,\n        gherkinDocument,\n        testCaseStartedId\n      };\n      return (0, cypress_1.runStepWithLogGroup)({\n        fn: dryRun ? noopFn : () => registry2.runCaseHook(this, hook, options),\n        keyword: hook.keyword,\n        text: createStepDescription(hook)\n      }).then(convertReturnValueToTestStepResultStatus).then((status) => {\n        return { start, status };\n      });\n    }).then(({ start, status }) => onAfterStep({\n      testStepResult: {\n        status,\n        duration: (0, messages_1.duration)(start, (0, messages_1.createTimestamp)())\n      },\n      testStepId\n    }));\n  } else if (step.pickleStep) {\n    const pickleStep = step.pickleStep;\n    const testStepId = getTestStepId({\n      context,\n      pickleId: pickle.id,\n      hookIdOrPickleStepId: pickleStep.id\n    });\n    const text = (0, assertions_1.ensure)(pickleStep.text, \"Expected pickle step to have a text\");\n    const scenarioStep = (0, assertions_1.ensure)(context.astIdsMap.get((0, assertions_1.ensure)((_a2 = pickleStep.astNodeIds) === null || _a2 === void 0 ? void 0 : _a2[0], \"Expected to find at least one astNodeId\")), `Expected to find scenario step associated with id = ${(_b2 = pickleStep.astNodeIds) === null || _b2 === void 0 ? void 0 : _b2[0]}`);\n    const argument = ((_c2 = pickleStep.argument) === null || _c2 === void 0 ? void 0 : _c2.dataTable) ? new data_table_1.default(pickleStep.argument.dataTable) : ((_e = (_d = pickleStep.argument) === null || _d === void 0 ? void 0 : _d.docString) === null || _e === void 0 ? void 0 : _e.content) ? pickleStep.argument.docString.content : void 0;\n    cy.then(() => {\n      window.testState.pickleStep = step.pickleStep;\n      const start = (0, messages_1.createTimestamp)();\n      internalProperties.currentStep = { pickleStep };\n      internalProperties.currentStepStartedAt = start;\n      taskTestStepStarted(context, {\n        testStepId,\n        testCaseStartedId,\n        timestamp: start\n      });\n      return cy.wrap(start, { log: false });\n    }).then((start) => {\n      const beforeStepHooks = registry2.resolveBeforeStepHooks(tags);\n      const afterStepHooks = registry2.resolveAfterStepHooks(tags);\n      const options = {\n        pickle,\n        pickleStep,\n        gherkinDocument,\n        testCaseStartedId,\n        testStepId\n      };\n      const beforeHooksChain = () => beforeStepHooks.reduce((chain, beforeStepHook) => {\n        return chain.then((results) => {\n          const start2 = (0, messages_1.createTimestamp)();\n          return (0, cypress_1.runStepWithLogGroup)({\n            keyword: \"BeforeStep\",\n            text: createStepDescription(beforeStepHook),\n            fn: dryRun ? noopFn : () => registry2.runStepHook(this, beforeStepHook, options)\n          }).then(convertReturnValueToTestStepResultStatus).then((status) => results.concat({\n            status,\n            duration: (0, messages_1.duration)(start2, (0, messages_1.createTimestamp)())\n          }));\n        });\n      }, cy.wrap([], { log: false }));\n      const afterStepHooksChain = () => afterStepHooks.reduce((chain, afterStepHook) => {\n        return chain.then((results) => {\n          const start2 = (0, messages_1.createTimestamp)();\n          return (0, cypress_1.runStepWithLogGroup)({\n            keyword: \"AfterStep\",\n            text: createStepDescription(afterStepHook),\n            fn: dryRun ? noopFn : () => registry2.runStepHook(this, afterStepHook, options)\n          }).then(convertReturnValueToTestStepResultStatus).then((status) => results.concat({\n            status,\n            duration: (0, messages_1.duration)(start2, (0, messages_1.createTimestamp)())\n          }));\n        });\n      }, cy.wrap([], {\n        log: false\n      }));\n      return beforeHooksChain().then((beforeStepHookResults) => {\n        return (0, cypress_1.runStepWithLogGroup)({\n          keyword: (0, assertions_1.ensure)(\"keyword\" in scenarioStep && scenarioStep.keyword, \"Expected to find a keyword in the scenario step\"),\n          argument,\n          text,\n          fn: () => {\n            var _a3, _b3;\n            try {\n              return registry2.runStepDefinition(this, text, dryRun, argument);\n            } catch (e) {\n              if (e instanceof registry_1.MissingDefinitionError || e instanceof registry_1.MultipleDefinitionsError) {\n                this.test._retries = this.test._currentRetry;\n              }\n              if (e instanceof registry_1.MissingDefinitionError) {\n                let parameterType = null;\n                if ((_a3 = pickleStep.argument) === null || _a3 === void 0 ? void 0 : _a3.dataTable) {\n                  parameterType = \"dataTable\";\n                } else if ((_b3 = pickleStep.argument) === null || _b3 === void 0 ? void 0 : _b3.docString) {\n                  parameterType = \"docString\";\n                }\n                const snippets = new cucumber_expressions_1.CucumberExpressionGenerator(() => context.registry.parameterTypeRegistry.parameterTypes).generateExpressions(pickleStep.text).map((expression) => (0, snippets_1.generateSnippet)(expression, (0, assertions_1.ensure)(pickleStep.type, \"Expected pickleStep to have a type\"), parameterType));\n                return taskSuggestion(context, {\n                  id: context.newId(),\n                  pickleStepId: pickleStep.id,\n                  snippets: snippets.map((code) => {\n                    return {\n                      language: \"javascript\",\n                      code\n                    };\n                  })\n                }).then(() => {\n                  throw new Error(createMissingStepDefinitionMessage(context, pickleStep, snippets));\n                });\n              } else {\n                throw e;\n              }\n            }\n          }\n        }).then(convertReturnValueToTestStepResultStatus).then((status) => {\n          const testStepResult = {\n            status,\n            duration: (0, messages_1.duration)(start, (0, messages_1.createTimestamp)())\n          };\n          return {\n            beforeStepHookResults,\n            testStepResult\n          };\n        });\n      }).then(({ beforeStepHookResults, testStepResult }) => {\n        return afterStepHooksChain().then((afterStepHookResults) => {\n          return messages.getWorstTestStepResult([\n            ...beforeStepHookResults,\n            testStepResult,\n            ...afterStepHookResults\n          ]);\n        });\n      });\n    }).then((testStepResult) => onAfterStep({ testStepResult, testStepId }));\n  }\n}",
              "err": {},
              "uuid": "22152386-a1f8-49fc-ac26-89f4c590ddaa",
              "parentUUID": "e773a537-88f4-461d-9825-e55c1388b9bd",
              "isHook": false,
              "skipped": false
            },
            {
              "title": "TC02_Login-Positive-Flow: Successful Login with Valid Credentials",
              "fullTitle": "US01 / TS01 - Login TC02_Login-Positive-Flow: Successful Login with Valid Credentials",
              "timedOut": null,
              "duration": 8533,
              "state": "passed",
              "speed": "medium",
              "pass": true,
              "fail": false,
              "pending": false,
              "context": "{\n  \"title\": \"cypress-mochawesome-reporter-videos-passed\",\n  \"value\": \"cypress\\\\e2e\\\\features\\\\TS01_Login.feature\"\n}",
              "code": "var _a2, _b2, _c2, _d, _e;\n(0, assertions_1.assert)(context.includedPickles[0].id === pickle.id, \"Included pickle stack is unsynchronized\");\nconst { remainingSteps, testCaseStartedId } = retrieveInternalSpecProperties();\ntaskTestCaseStarted(context, {\n  id: testCaseStartedId,\n  testCaseId,\n  attempt: attempt++,\n  timestamp: (0, messages_1.createTimestamp)()\n});\nwindow.testState = {\n  gherkinDocument,\n  pickles,\n  pickle\n};\nconst onAfterStep = (options) => {\n  var _a3, _b3, _c3;\n  const { testStepId, testStepResult } = options;\n  const end = (0, messages_1.createTimestamp)();\n  if (testStepResult.status === messages.TestStepResultStatus.PENDING || testStepResult.status === messages.TestStepResultStatus.SKIPPED) {\n    taskTestStepFinished(context, {\n      testStepId,\n      testCaseStartedId,\n      testStepResult,\n      timestamp: end\n    });\n    remainingSteps.shift();\n    for (const skippedStep of remainingSteps) {\n      const hookIdOrPickleStepId = (0, assertions_1.ensure)((_b3 = (_a3 = skippedStep.hook) === null || _a3 === void 0 ? void 0 : _a3.id) !== null && _b3 !== void 0 ? _b3 : (_c3 = skippedStep.pickleStep) === null || _c3 === void 0 ? void 0 : _c3.id, \"Expected a step to either be a hook or a pickleStep\");\n      const testStepId2 = getTestStepId({\n        context,\n        pickleId: pickle.id,\n        hookIdOrPickleStepId\n      });\n      taskTestStepStarted(context, {\n        testStepId: testStepId2,\n        testCaseStartedId,\n        timestamp: (0, messages_1.createTimestamp)()\n      });\n      taskTestStepFinished(context, {\n        testStepId: testStepId2,\n        testCaseStartedId,\n        testStepResult: {\n          status: messages.TestStepResultStatus.SKIPPED,\n          duration: {\n            seconds: 0,\n            nanos: 0\n          }\n        },\n        timestamp: (0, messages_1.createTimestamp)()\n      });\n    }\n    for (let i = 0, count = remainingSteps.length; i < count; i++) {\n      remainingSteps.pop();\n    }\n    cy.then(() => this.skip());\n  } else {\n    taskTestStepFinished(context, {\n      testStepId,\n      testCaseStartedId,\n      testStepResult,\n      timestamp: (0, messages_1.createTimestamp)()\n    });\n    remainingSteps.shift();\n  }\n};\nfor (const step of steps) {\n  if (step.hook) {\n    const hook = step.hook;\n    const testStepId = getTestStepId({\n      context,\n      pickleId: pickle.id,\n      hookIdOrPickleStepId: hook.id\n    });\n    cy.then(() => {\n      delete window.testState.pickleStep;\n      const start = (0, messages_1.createTimestamp)();\n      internalProperties.currentStepStartedAt = start;\n      taskTestStepStarted(context, {\n        testStepId,\n        testCaseStartedId,\n        timestamp: start\n      });\n      return cy.wrap(start, { log: false });\n    }).then((start) => {\n      const options = {\n        pickle,\n        gherkinDocument,\n        testCaseStartedId\n      };\n      return (0, cypress_1.runStepWithLogGroup)({\n        fn: dryRun ? noopFn : () => registry2.runCaseHook(this, hook, options),\n        keyword: hook.keyword,\n        text: createStepDescription(hook)\n      }).then(convertReturnValueToTestStepResultStatus).then((status) => {\n        return { start, status };\n      });\n    }).then(({ start, status }) => onAfterStep({\n      testStepResult: {\n        status,\n        duration: (0, messages_1.duration)(start, (0, messages_1.createTimestamp)())\n      },\n      testStepId\n    }));\n  } else if (step.pickleStep) {\n    const pickleStep = step.pickleStep;\n    const testStepId = getTestStepId({\n      context,\n      pickleId: pickle.id,\n      hookIdOrPickleStepId: pickleStep.id\n    });\n    const text = (0, assertions_1.ensure)(pickleStep.text, \"Expected pickle step to have a text\");\n    const scenarioStep = (0, assertions_1.ensure)(context.astIdsMap.get((0, assertions_1.ensure)((_a2 = pickleStep.astNodeIds) === null || _a2 === void 0 ? void 0 : _a2[0], \"Expected to find at least one astNodeId\")), `Expected to find scenario step associated with id = ${(_b2 = pickleStep.astNodeIds) === null || _b2 === void 0 ? void 0 : _b2[0]}`);\n    const argument = ((_c2 = pickleStep.argument) === null || _c2 === void 0 ? void 0 : _c2.dataTable) ? new data_table_1.default(pickleStep.argument.dataTable) : ((_e = (_d = pickleStep.argument) === null || _d === void 0 ? void 0 : _d.docString) === null || _e === void 0 ? void 0 : _e.content) ? pickleStep.argument.docString.content : void 0;\n    cy.then(() => {\n      window.testState.pickleStep = step.pickleStep;\n      const start = (0, messages_1.createTimestamp)();\n      internalProperties.currentStep = { pickleStep };\n      internalProperties.currentStepStartedAt = start;\n      taskTestStepStarted(context, {\n        testStepId,\n        testCaseStartedId,\n        timestamp: start\n      });\n      return cy.wrap(start, { log: false });\n    }).then((start) => {\n      const beforeStepHooks = registry2.resolveBeforeStepHooks(tags);\n      const afterStepHooks = registry2.resolveAfterStepHooks(tags);\n      const options = {\n        pickle,\n        pickleStep,\n        gherkinDocument,\n        testCaseStartedId,\n        testStepId\n      };\n      const beforeHooksChain = () => beforeStepHooks.reduce((chain, beforeStepHook) => {\n        return chain.then((results) => {\n          const start2 = (0, messages_1.createTimestamp)();\n          return (0, cypress_1.runStepWithLogGroup)({\n            keyword: \"BeforeStep\",\n            text: createStepDescription(beforeStepHook),\n            fn: dryRun ? noopFn : () => registry2.runStepHook(this, beforeStepHook, options)\n          }).then(convertReturnValueToTestStepResultStatus).then((status) => results.concat({\n            status,\n            duration: (0, messages_1.duration)(start2, (0, messages_1.createTimestamp)())\n          }));\n        });\n      }, cy.wrap([], { log: false }));\n      const afterStepHooksChain = () => afterStepHooks.reduce((chain, afterStepHook) => {\n        return chain.then((results) => {\n          const start2 = (0, messages_1.createTimestamp)();\n          return (0, cypress_1.runStepWithLogGroup)({\n            keyword: \"AfterStep\",\n            text: createStepDescription(afterStepHook),\n            fn: dryRun ? noopFn : () => registry2.runStepHook(this, afterStepHook, options)\n          }).then(convertReturnValueToTestStepResultStatus).then((status) => results.concat({\n            status,\n            duration: (0, messages_1.duration)(start2, (0, messages_1.createTimestamp)())\n          }));\n        });\n      }, cy.wrap([], {\n        log: false\n      }));\n      return beforeHooksChain().then((beforeStepHookResults) => {\n        return (0, cypress_1.runStepWithLogGroup)({\n          keyword: (0, assertions_1.ensure)(\"keyword\" in scenarioStep && scenarioStep.keyword, \"Expected to find a keyword in the scenario step\"),\n          argument,\n          text,\n          fn: () => {\n            var _a3, _b3;\n            try {\n              return registry2.runStepDefinition(this, text, dryRun, argument);\n            } catch (e) {\n              if (e instanceof registry_1.MissingDefinitionError || e instanceof registry_1.MultipleDefinitionsError) {\n                this.test._retries = this.test._currentRetry;\n              }\n              if (e instanceof registry_1.MissingDefinitionError) {\n                let parameterType = null;\n                if ((_a3 = pickleStep.argument) === null || _a3 === void 0 ? void 0 : _a3.dataTable) {\n                  parameterType = \"dataTable\";\n                } else if ((_b3 = pickleStep.argument) === null || _b3 === void 0 ? void 0 : _b3.docString) {\n                  parameterType = \"docString\";\n                }\n                const snippets = new cucumber_expressions_1.CucumberExpressionGenerator(() => context.registry.parameterTypeRegistry.parameterTypes).generateExpressions(pickleStep.text).map((expression) => (0, snippets_1.generateSnippet)(expression, (0, assertions_1.ensure)(pickleStep.type, \"Expected pickleStep to have a type\"), parameterType));\n                return taskSuggestion(context, {\n                  id: context.newId(),\n                  pickleStepId: pickleStep.id,\n                  snippets: snippets.map((code) => {\n                    return {\n                      language: \"javascript\",\n                      code\n                    };\n                  })\n                }).then(() => {\n                  throw new Error(createMissingStepDefinitionMessage(context, pickleStep, snippets));\n                });\n              } else {\n                throw e;\n              }\n            }\n          }\n        }).then(convertReturnValueToTestStepResultStatus).then((status) => {\n          const testStepResult = {\n            status,\n            duration: (0, messages_1.duration)(start, (0, messages_1.createTimestamp)())\n          };\n          return {\n            beforeStepHookResults,\n            testStepResult\n          };\n        });\n      }).then(({ beforeStepHookResults, testStepResult }) => {\n        return afterStepHooksChain().then((afterStepHookResults) => {\n          return messages.getWorstTestStepResult([\n            ...beforeStepHookResults,\n            testStepResult,\n            ...afterStepHookResults\n          ]);\n        });\n      });\n    }).then((testStepResult) => onAfterStep({ testStepResult, testStepId }));\n  }\n}",
              "err": {},
              "uuid": "0d853dc3-c9be-448b-a356-74cdce3de34d",
              "parentUUID": "e773a537-88f4-461d-9825-e55c1388b9bd",
              "isHook": false,
              "skipped": false
            },
            {
              "title": "TC03_Login-Negative-Invalid-Data: Input Validation with Invalid Data (example #1)",
              "fullTitle": "US01 / TS01 - Login TC03_Login-Negative-Invalid-Data: Input Validation with Invalid Data (example #1)",
              "timedOut": null,
              "duration": 4065,
              "state": "passed",
              "speed": "fast",
              "pass": true,
              "fail": false,
              "pending": false,
              "context": "{\n  \"title\": \"cypress-mochawesome-reporter-videos-passed\",\n  \"value\": \"cypress\\\\e2e\\\\features\\\\TS01_Login.feature\"\n}",
              "code": "var _a2, _b2, _c2, _d, _e;\n(0, assertions_1.assert)(context.includedPickles[0].id === pickle.id, \"Included pickle stack is unsynchronized\");\nconst { remainingSteps, testCaseStartedId } = retrieveInternalSpecProperties();\ntaskTestCaseStarted(context, {\n  id: testCaseStartedId,\n  testCaseId,\n  attempt: attempt++,\n  timestamp: (0, messages_1.createTimestamp)()\n});\nwindow.testState = {\n  gherkinDocument,\n  pickles,\n  pickle\n};\nconst onAfterStep = (options) => {\n  var _a3, _b3, _c3;\n  const { testStepId, testStepResult } = options;\n  const end = (0, messages_1.createTimestamp)();\n  if (testStepResult.status === messages.TestStepResultStatus.PENDING || testStepResult.status === messages.TestStepResultStatus.SKIPPED) {\n    taskTestStepFinished(context, {\n      testStepId,\n      testCaseStartedId,\n      testStepResult,\n      timestamp: end\n    });\n    remainingSteps.shift();\n    for (const skippedStep of remainingSteps) {\n      const hookIdOrPickleStepId = (0, assertions_1.ensure)((_b3 = (_a3 = skippedStep.hook) === null || _a3 === void 0 ? void 0 : _a3.id) !== null && _b3 !== void 0 ? _b3 : (_c3 = skippedStep.pickleStep) === null || _c3 === void 0 ? void 0 : _c3.id, \"Expected a step to either be a hook or a pickleStep\");\n      const testStepId2 = getTestStepId({\n        context,\n        pickleId: pickle.id,\n        hookIdOrPickleStepId\n      });\n      taskTestStepStarted(context, {\n        testStepId: testStepId2,\n        testCaseStartedId,\n        timestamp: (0, messages_1.createTimestamp)()\n      });\n      taskTestStepFinished(context, {\n        testStepId: testStepId2,\n        testCaseStartedId,\n        testStepResult: {\n          status: messages.TestStepResultStatus.SKIPPED,\n          duration: {\n            seconds: 0,\n            nanos: 0\n          }\n        },\n        timestamp: (0, messages_1.createTimestamp)()\n      });\n    }\n    for (let i = 0, count = remainingSteps.length; i < count; i++) {\n      remainingSteps.pop();\n    }\n    cy.then(() => this.skip());\n  } else {\n    taskTestStepFinished(context, {\n      testStepId,\n      testCaseStartedId,\n      testStepResult,\n      timestamp: (0, messages_1.createTimestamp)()\n    });\n    remainingSteps.shift();\n  }\n};\nfor (const step of steps) {\n  if (step.hook) {\n    const hook = step.hook;\n    const testStepId = getTestStepId({\n      context,\n      pickleId: pickle.id,\n      hookIdOrPickleStepId: hook.id\n    });\n    cy.then(() => {\n      delete window.testState.pickleStep;\n      const start = (0, messages_1.createTimestamp)();\n      internalProperties.currentStepStartedAt = start;\n      taskTestStepStarted(context, {\n        testStepId,\n        testCaseStartedId,\n        timestamp: start\n      });\n      return cy.wrap(start, { log: false });\n    }).then((start) => {\n      const options = {\n        pickle,\n        gherkinDocument,\n        testCaseStartedId\n      };\n      return (0, cypress_1.runStepWithLogGroup)({\n        fn: dryRun ? noopFn : () => registry2.runCaseHook(this, hook, options),\n        keyword: hook.keyword,\n        text: createStepDescription(hook)\n      }).then(convertReturnValueToTestStepResultStatus).then((status) => {\n        return { start, status };\n      });\n    }).then(({ start, status }) => onAfterStep({\n      testStepResult: {\n        status,\n        duration: (0, messages_1.duration)(start, (0, messages_1.createTimestamp)())\n      },\n      testStepId\n    }));\n  } else if (step.pickleStep) {\n    const pickleStep = step.pickleStep;\n    const testStepId = getTestStepId({\n      context,\n      pickleId: pickle.id,\n      hookIdOrPickleStepId: pickleStep.id\n    });\n    const text = (0, assertions_1.ensure)(pickleStep.text, \"Expected pickle step to have a text\");\n    const scenarioStep = (0, assertions_1.ensure)(context.astIdsMap.get((0, assertions_1.ensure)((_a2 = pickleStep.astNodeIds) === null || _a2 === void 0 ? void 0 : _a2[0], \"Expected to find at least one astNodeId\")), `Expected to find scenario step associated with id = ${(_b2 = pickleStep.astNodeIds) === null || _b2 === void 0 ? void 0 : _b2[0]}`);\n    const argument = ((_c2 = pickleStep.argument) === null || _c2 === void 0 ? void 0 : _c2.dataTable) ? new data_table_1.default(pickleStep.argument.dataTable) : ((_e = (_d = pickleStep.argument) === null || _d === void 0 ? void 0 : _d.docString) === null || _e === void 0 ? void 0 : _e.content) ? pickleStep.argument.docString.content : void 0;\n    cy.then(() => {\n      window.testState.pickleStep = step.pickleStep;\n      const start = (0, messages_1.createTimestamp)();\n      internalProperties.currentStep = { pickleStep };\n      internalProperties.currentStepStartedAt = start;\n      taskTestStepStarted(context, {\n        testStepId,\n        testCaseStartedId,\n        timestamp: start\n      });\n      return cy.wrap(start, { log: false });\n    }).then((start) => {\n      const beforeStepHooks = registry2.resolveBeforeStepHooks(tags);\n      const afterStepHooks = registry2.resolveAfterStepHooks(tags);\n      const options = {\n        pickle,\n        pickleStep,\n        gherkinDocument,\n        testCaseStartedId,\n        testStepId\n      };\n      const beforeHooksChain = () => beforeStepHooks.reduce((chain, beforeStepHook) => {\n        return chain.then((results) => {\n          const start2 = (0, messages_1.createTimestamp)();\n          return (0, cypress_1.runStepWithLogGroup)({\n            keyword: \"BeforeStep\",\n            text: createStepDescription(beforeStepHook),\n            fn: dryRun ? noopFn : () => registry2.runStepHook(this, beforeStepHook, options)\n          }).then(convertReturnValueToTestStepResultStatus).then((status) => results.concat({\n            status,\n            duration: (0, messages_1.duration)(start2, (0, messages_1.createTimestamp)())\n          }));\n        });\n      }, cy.wrap([], { log: false }));\n      const afterStepHooksChain = () => afterStepHooks.reduce((chain, afterStepHook) => {\n        return chain.then((results) => {\n          const start2 = (0, messages_1.createTimestamp)();\n          return (0, cypress_1.runStepWithLogGroup)({\n            keyword: \"AfterStep\",\n            text: createStepDescription(afterStepHook),\n            fn: dryRun ? noopFn : () => registry2.runStepHook(this, afterStepHook, options)\n          }).then(convertReturnValueToTestStepResultStatus).then((status) => results.concat({\n            status,\n            duration: (0, messages_1.duration)(start2, (0, messages_1.createTimestamp)())\n          }));\n        });\n      }, cy.wrap([], {\n        log: false\n      }));\n      return beforeHooksChain().then((beforeStepHookResults) => {\n        return (0, cypress_1.runStepWithLogGroup)({\n          keyword: (0, assertions_1.ensure)(\"keyword\" in scenarioStep && scenarioStep.keyword, \"Expected to find a keyword in the scenario step\"),\n          argument,\n          text,\n          fn: () => {\n            var _a3, _b3;\n            try {\n              return registry2.runStepDefinition(this, text, dryRun, argument);\n            } catch (e) {\n              if (e instanceof registry_1.MissingDefinitionError || e instanceof registry_1.MultipleDefinitionsError) {\n                this.test._retries = this.test._currentRetry;\n              }\n              if (e instanceof registry_1.MissingDefinitionError) {\n                let parameterType = null;\n                if ((_a3 = pickleStep.argument) === null || _a3 === void 0 ? void 0 : _a3.dataTable) {\n                  parameterType = \"dataTable\";\n                } else if ((_b3 = pickleStep.argument) === null || _b3 === void 0 ? void 0 : _b3.docString) {\n                  parameterType = \"docString\";\n                }\n                const snippets = new cucumber_expressions_1.CucumberExpressionGenerator(() => context.registry.parameterTypeRegistry.parameterTypes).generateExpressions(pickleStep.text).map((expression) => (0, snippets_1.generateSnippet)(expression, (0, assertions_1.ensure)(pickleStep.type, \"Expected pickleStep to have a type\"), parameterType));\n                return taskSuggestion(context, {\n                  id: context.newId(),\n                  pickleStepId: pickleStep.id,\n                  snippets: snippets.map((code) => {\n                    return {\n                      language: \"javascript\",\n                      code\n                    };\n                  })\n                }).then(() => {\n                  throw new Error(createMissingStepDefinitionMessage(context, pickleStep, snippets));\n                });\n              } else {\n                throw e;\n              }\n            }\n          }\n        }).then(convertReturnValueToTestStepResultStatus).then((status) => {\n          const testStepResult = {\n            status,\n            duration: (0, messages_1.duration)(start, (0, messages_1.createTimestamp)())\n          };\n          return {\n            beforeStepHookResults,\n            testStepResult\n          };\n        });\n      }).then(({ beforeStepHookResults, testStepResult }) => {\n        return afterStepHooksChain().then((afterStepHookResults) => {\n          return messages.getWorstTestStepResult([\n            ...beforeStepHookResults,\n            testStepResult,\n            ...afterStepHookResults\n          ]);\n        });\n      });\n    }).then((testStepResult) => onAfterStep({ testStepResult, testStepId }));\n  }\n}",
              "err": {},
              "uuid": "f0e9f782-a634-4ba8-8dbc-1cf2aa029cc1",
              "parentUUID": "e773a537-88f4-461d-9825-e55c1388b9bd",
              "isHook": false,
              "skipped": false
            },
            {
              "title": "TC03_Login-Negative-Invalid-Data: Input Validation with Invalid Data (example #2)",
              "fullTitle": "US01 / TS01 - Login TC03_Login-Negative-Invalid-Data: Input Validation with Invalid Data (example #2)",
              "timedOut": null,
              "duration": 4217,
              "state": "passed",
              "speed": "fast",
              "pass": true,
              "fail": false,
              "pending": false,
              "context": "{\n  \"title\": \"cypress-mochawesome-reporter-videos-passed\",\n  \"value\": \"cypress\\\\e2e\\\\features\\\\TS01_Login.feature\"\n}",
              "code": "var _a2, _b2, _c2, _d, _e;\n(0, assertions_1.assert)(context.includedPickles[0].id === pickle.id, \"Included pickle stack is unsynchronized\");\nconst { remainingSteps, testCaseStartedId } = retrieveInternalSpecProperties();\ntaskTestCaseStarted(context, {\n  id: testCaseStartedId,\n  testCaseId,\n  attempt: attempt++,\n  timestamp: (0, messages_1.createTimestamp)()\n});\nwindow.testState = {\n  gherkinDocument,\n  pickles,\n  pickle\n};\nconst onAfterStep = (options) => {\n  var _a3, _b3, _c3;\n  const { testStepId, testStepResult } = options;\n  const end = (0, messages_1.createTimestamp)();\n  if (testStepResult.status === messages.TestStepResultStatus.PENDING || testStepResult.status === messages.TestStepResultStatus.SKIPPED) {\n    taskTestStepFinished(context, {\n      testStepId,\n      testCaseStartedId,\n      testStepResult,\n      timestamp: end\n    });\n    remainingSteps.shift();\n    for (const skippedStep of remainingSteps) {\n      const hookIdOrPickleStepId = (0, assertions_1.ensure)((_b3 = (_a3 = skippedStep.hook) === null || _a3 === void 0 ? void 0 : _a3.id) !== null && _b3 !== void 0 ? _b3 : (_c3 = skippedStep.pickleStep) === null || _c3 === void 0 ? void 0 : _c3.id, \"Expected a step to either be a hook or a pickleStep\");\n      const testStepId2 = getTestStepId({\n        context,\n        pickleId: pickle.id,\n        hookIdOrPickleStepId\n      });\n      taskTestStepStarted(context, {\n        testStepId: testStepId2,\n        testCaseStartedId,\n        timestamp: (0, messages_1.createTimestamp)()\n      });\n      taskTestStepFinished(context, {\n        testStepId: testStepId2,\n        testCaseStartedId,\n        testStepResult: {\n          status: messages.TestStepResultStatus.SKIPPED,\n          duration: {\n            seconds: 0,\n            nanos: 0\n          }\n        },\n        timestamp: (0, messages_1.createTimestamp)()\n      });\n    }\n    for (let i = 0, count = remainingSteps.length; i < count; i++) {\n      remainingSteps.pop();\n    }\n    cy.then(() => this.skip());\n  } else {\n    taskTestStepFinished(context, {\n      testStepId,\n      testCaseStartedId,\n      testStepResult,\n      timestamp: (0, messages_1.createTimestamp)()\n    });\n    remainingSteps.shift();\n  }\n};\nfor (const step of steps) {\n  if (step.hook) {\n    const hook = step.hook;\n    const testStepId = getTestStepId({\n      context,\n      pickleId: pickle.id,\n      hookIdOrPickleStepId: hook.id\n    });\n    cy.then(() => {\n      delete window.testState.pickleStep;\n      const start = (0, messages_1.createTimestamp)();\n      internalProperties.currentStepStartedAt = start;\n      taskTestStepStarted(context, {\n        testStepId,\n        testCaseStartedId,\n        timestamp: start\n      });\n      return cy.wrap(start, { log: false });\n    }).then((start) => {\n      const options = {\n        pickle,\n        gherkinDocument,\n        testCaseStartedId\n      };\n      return (0, cypress_1.runStepWithLogGroup)({\n        fn: dryRun ? noopFn : () => registry2.runCaseHook(this, hook, options),\n        keyword: hook.keyword,\n        text: createStepDescription(hook)\n      }).then(convertReturnValueToTestStepResultStatus).then((status) => {\n        return { start, status };\n      });\n    }).then(({ start, status }) => onAfterStep({\n      testStepResult: {\n        status,\n        duration: (0, messages_1.duration)(start, (0, messages_1.createTimestamp)())\n      },\n      testStepId\n    }));\n  } else if (step.pickleStep) {\n    const pickleStep = step.pickleStep;\n    const testStepId = getTestStepId({\n      context,\n      pickleId: pickle.id,\n      hookIdOrPickleStepId: pickleStep.id\n    });\n    const text = (0, assertions_1.ensure)(pickleStep.text, \"Expected pickle step to have a text\");\n    const scenarioStep = (0, assertions_1.ensure)(context.astIdsMap.get((0, assertions_1.ensure)((_a2 = pickleStep.astNodeIds) === null || _a2 === void 0 ? void 0 : _a2[0], \"Expected to find at least one astNodeId\")), `Expected to find scenario step associated with id = ${(_b2 = pickleStep.astNodeIds) === null || _b2 === void 0 ? void 0 : _b2[0]}`);\n    const argument = ((_c2 = pickleStep.argument) === null || _c2 === void 0 ? void 0 : _c2.dataTable) ? new data_table_1.default(pickleStep.argument.dataTable) : ((_e = (_d = pickleStep.argument) === null || _d === void 0 ? void 0 : _d.docString) === null || _e === void 0 ? void 0 : _e.content) ? pickleStep.argument.docString.content : void 0;\n    cy.then(() => {\n      window.testState.pickleStep = step.pickleStep;\n      const start = (0, messages_1.createTimestamp)();\n      internalProperties.currentStep = { pickleStep };\n      internalProperties.currentStepStartedAt = start;\n      taskTestStepStarted(context, {\n        testStepId,\n        testCaseStartedId,\n        timestamp: start\n      });\n      return cy.wrap(start, { log: false });\n    }).then((start) => {\n      const beforeStepHooks = registry2.resolveBeforeStepHooks(tags);\n      const afterStepHooks = registry2.resolveAfterStepHooks(tags);\n      const options = {\n        pickle,\n        pickleStep,\n        gherkinDocument,\n        testCaseStartedId,\n        testStepId\n      };\n      const beforeHooksChain = () => beforeStepHooks.reduce((chain, beforeStepHook) => {\n        return chain.then((results) => {\n          const start2 = (0, messages_1.createTimestamp)();\n          return (0, cypress_1.runStepWithLogGroup)({\n            keyword: \"BeforeStep\",\n            text: createStepDescription(beforeStepHook),\n            fn: dryRun ? noopFn : () => registry2.runStepHook(this, beforeStepHook, options)\n          }).then(convertReturnValueToTestStepResultStatus).then((status) => results.concat({\n            status,\n            duration: (0, messages_1.duration)(start2, (0, messages_1.createTimestamp)())\n          }));\n        });\n      }, cy.wrap([], { log: false }));\n      const afterStepHooksChain = () => afterStepHooks.reduce((chain, afterStepHook) => {\n        return chain.then((results) => {\n          const start2 = (0, messages_1.createTimestamp)();\n          return (0, cypress_1.runStepWithLogGroup)({\n            keyword: \"AfterStep\",\n            text: createStepDescription(afterStepHook),\n            fn: dryRun ? noopFn : () => registry2.runStepHook(this, afterStepHook, options)\n          }).then(convertReturnValueToTestStepResultStatus).then((status) => results.concat({\n            status,\n            duration: (0, messages_1.duration)(start2, (0, messages_1.createTimestamp)())\n          }));\n        });\n      }, cy.wrap([], {\n        log: false\n      }));\n      return beforeHooksChain().then((beforeStepHookResults) => {\n        return (0, cypress_1.runStepWithLogGroup)({\n          keyword: (0, assertions_1.ensure)(\"keyword\" in scenarioStep && scenarioStep.keyword, \"Expected to find a keyword in the scenario step\"),\n          argument,\n          text,\n          fn: () => {\n            var _a3, _b3;\n            try {\n              return registry2.runStepDefinition(this, text, dryRun, argument);\n            } catch (e) {\n              if (e instanceof registry_1.MissingDefinitionError || e instanceof registry_1.MultipleDefinitionsError) {\n                this.test._retries = this.test._currentRetry;\n              }\n              if (e instanceof registry_1.MissingDefinitionError) {\n                let parameterType = null;\n                if ((_a3 = pickleStep.argument) === null || _a3 === void 0 ? void 0 : _a3.dataTable) {\n                  parameterType = \"dataTable\";\n                } else if ((_b3 = pickleStep.argument) === null || _b3 === void 0 ? void 0 : _b3.docString) {\n                  parameterType = \"docString\";\n                }\n                const snippets = new cucumber_expressions_1.CucumberExpressionGenerator(() => context.registry.parameterTypeRegistry.parameterTypes).generateExpressions(pickleStep.text).map((expression) => (0, snippets_1.generateSnippet)(expression, (0, assertions_1.ensure)(pickleStep.type, \"Expected pickleStep to have a type\"), parameterType));\n                return taskSuggestion(context, {\n                  id: context.newId(),\n                  pickleStepId: pickleStep.id,\n                  snippets: snippets.map((code) => {\n                    return {\n                      language: \"javascript\",\n                      code\n                    };\n                  })\n                }).then(() => {\n                  throw new Error(createMissingStepDefinitionMessage(context, pickleStep, snippets));\n                });\n              } else {\n                throw e;\n              }\n            }\n          }\n        }).then(convertReturnValueToTestStepResultStatus).then((status) => {\n          const testStepResult = {\n            status,\n            duration: (0, messages_1.duration)(start, (0, messages_1.createTimestamp)())\n          };\n          return {\n            beforeStepHookResults,\n            testStepResult\n          };\n        });\n      }).then(({ beforeStepHookResults, testStepResult }) => {\n        return afterStepHooksChain().then((afterStepHookResults) => {\n          return messages.getWorstTestStepResult([\n            ...beforeStepHookResults,\n            testStepResult,\n            ...afterStepHookResults\n          ]);\n        });\n      });\n    }).then((testStepResult) => onAfterStep({ testStepResult, testStepId }));\n  }\n}",
              "err": {},
              "uuid": "a4730b90-2288-43e4-b781-3be7bb0a8552",
              "parentUUID": "e773a537-88f4-461d-9825-e55c1388b9bd",
              "isHook": false,
              "skipped": false
            },
            {
              "title": "TC03_Login-Negative-Invalid-Data: Input Validation with Invalid Data (example #3)",
              "fullTitle": "US01 / TS01 - Login TC03_Login-Negative-Invalid-Data: Input Validation with Invalid Data (example #3)",
              "timedOut": null,
              "duration": 4501,
              "state": "passed",
              "speed": "fast",
              "pass": true,
              "fail": false,
              "pending": false,
              "context": "{\n  \"title\": \"cypress-mochawesome-reporter-videos-passed\",\n  \"value\": \"cypress\\\\e2e\\\\features\\\\TS01_Login.feature\"\n}",
              "code": "var _a2, _b2, _c2, _d, _e;\n(0, assertions_1.assert)(context.includedPickles[0].id === pickle.id, \"Included pickle stack is unsynchronized\");\nconst { remainingSteps, testCaseStartedId } = retrieveInternalSpecProperties();\ntaskTestCaseStarted(context, {\n  id: testCaseStartedId,\n  testCaseId,\n  attempt: attempt++,\n  timestamp: (0, messages_1.createTimestamp)()\n});\nwindow.testState = {\n  gherkinDocument,\n  pickles,\n  pickle\n};\nconst onAfterStep = (options) => {\n  var _a3, _b3, _c3;\n  const { testStepId, testStepResult } = options;\n  const end = (0, messages_1.createTimestamp)();\n  if (testStepResult.status === messages.TestStepResultStatus.PENDING || testStepResult.status === messages.TestStepResultStatus.SKIPPED) {\n    taskTestStepFinished(context, {\n      testStepId,\n      testCaseStartedId,\n      testStepResult,\n      timestamp: end\n    });\n    remainingSteps.shift();\n    for (const skippedStep of remainingSteps) {\n      const hookIdOrPickleStepId = (0, assertions_1.ensure)((_b3 = (_a3 = skippedStep.hook) === null || _a3 === void 0 ? void 0 : _a3.id) !== null && _b3 !== void 0 ? _b3 : (_c3 = skippedStep.pickleStep) === null || _c3 === void 0 ? void 0 : _c3.id, \"Expected a step to either be a hook or a pickleStep\");\n      const testStepId2 = getTestStepId({\n        context,\n        pickleId: pickle.id,\n        hookIdOrPickleStepId\n      });\n      taskTestStepStarted(context, {\n        testStepId: testStepId2,\n        testCaseStartedId,\n        timestamp: (0, messages_1.createTimestamp)()\n      });\n      taskTestStepFinished(context, {\n        testStepId: testStepId2,\n        testCaseStartedId,\n        testStepResult: {\n          status: messages.TestStepResultStatus.SKIPPED,\n          duration: {\n            seconds: 0,\n            nanos: 0\n          }\n        },\n        timestamp: (0, messages_1.createTimestamp)()\n      });\n    }\n    for (let i = 0, count = remainingSteps.length; i < count; i++) {\n      remainingSteps.pop();\n    }\n    cy.then(() => this.skip());\n  } else {\n    taskTestStepFinished(context, {\n      testStepId,\n      testCaseStartedId,\n      testStepResult,\n      timestamp: (0, messages_1.createTimestamp)()\n    });\n    remainingSteps.shift();\n  }\n};\nfor (const step of steps) {\n  if (step.hook) {\n    const hook = step.hook;\n    const testStepId = getTestStepId({\n      context,\n      pickleId: pickle.id,\n      hookIdOrPickleStepId: hook.id\n    });\n    cy.then(() => {\n      delete window.testState.pickleStep;\n      const start = (0, messages_1.createTimestamp)();\n      internalProperties.currentStepStartedAt = start;\n      taskTestStepStarted(context, {\n        testStepId,\n        testCaseStartedId,\n        timestamp: start\n      });\n      return cy.wrap(start, { log: false });\n    }).then((start) => {\n      const options = {\n        pickle,\n        gherkinDocument,\n        testCaseStartedId\n      };\n      return (0, cypress_1.runStepWithLogGroup)({\n        fn: dryRun ? noopFn : () => registry2.runCaseHook(this, hook, options),\n        keyword: hook.keyword,\n        text: createStepDescription(hook)\n      }).then(convertReturnValueToTestStepResultStatus).then((status) => {\n        return { start, status };\n      });\n    }).then(({ start, status }) => onAfterStep({\n      testStepResult: {\n        status,\n        duration: (0, messages_1.duration)(start, (0, messages_1.createTimestamp)())\n      },\n      testStepId\n    }));\n  } else if (step.pickleStep) {\n    const pickleStep = step.pickleStep;\n    const testStepId = getTestStepId({\n      context,\n      pickleId: pickle.id,\n      hookIdOrPickleStepId: pickleStep.id\n    });\n    const text = (0, assertions_1.ensure)(pickleStep.text, \"Expected pickle step to have a text\");\n    const scenarioStep = (0, assertions_1.ensure)(context.astIdsMap.get((0, assertions_1.ensure)((_a2 = pickleStep.astNodeIds) === null || _a2 === void 0 ? void 0 : _a2[0], \"Expected to find at least one astNodeId\")), `Expected to find scenario step associated with id = ${(_b2 = pickleStep.astNodeIds) === null || _b2 === void 0 ? void 0 : _b2[0]}`);\n    const argument = ((_c2 = pickleStep.argument) === null || _c2 === void 0 ? void 0 : _c2.dataTable) ? new data_table_1.default(pickleStep.argument.dataTable) : ((_e = (_d = pickleStep.argument) === null || _d === void 0 ? void 0 : _d.docString) === null || _e === void 0 ? void 0 : _e.content) ? pickleStep.argument.docString.content : void 0;\n    cy.then(() => {\n      window.testState.pickleStep = step.pickleStep;\n      const start = (0, messages_1.createTimestamp)();\n      internalProperties.currentStep = { pickleStep };\n      internalProperties.currentStepStartedAt = start;\n      taskTestStepStarted(context, {\n        testStepId,\n        testCaseStartedId,\n        timestamp: start\n      });\n      return cy.wrap(start, { log: false });\n    }).then((start) => {\n      const beforeStepHooks = registry2.resolveBeforeStepHooks(tags);\n      const afterStepHooks = registry2.resolveAfterStepHooks(tags);\n      const options = {\n        pickle,\n        pickleStep,\n        gherkinDocument,\n        testCaseStartedId,\n        testStepId\n      };\n      const beforeHooksChain = () => beforeStepHooks.reduce((chain, beforeStepHook) => {\n        return chain.then((results) => {\n          const start2 = (0, messages_1.createTimestamp)();\n          return (0, cypress_1.runStepWithLogGroup)({\n            keyword: \"BeforeStep\",\n            text: createStepDescription(beforeStepHook),\n            fn: dryRun ? noopFn : () => registry2.runStepHook(this, beforeStepHook, options)\n          }).then(convertReturnValueToTestStepResultStatus).then((status) => results.concat({\n            status,\n            duration: (0, messages_1.duration)(start2, (0, messages_1.createTimestamp)())\n          }));\n        });\n      }, cy.wrap([], { log: false }));\n      const afterStepHooksChain = () => afterStepHooks.reduce((chain, afterStepHook) => {\n        return chain.then((results) => {\n          const start2 = (0, messages_1.createTimestamp)();\n          return (0, cypress_1.runStepWithLogGroup)({\n            keyword: \"AfterStep\",\n            text: createStepDescription(afterStepHook),\n            fn: dryRun ? noopFn : () => registry2.runStepHook(this, afterStepHook, options)\n          }).then(convertReturnValueToTestStepResultStatus).then((status) => results.concat({\n            status,\n            duration: (0, messages_1.duration)(start2, (0, messages_1.createTimestamp)())\n          }));\n        });\n      }, cy.wrap([], {\n        log: false\n      }));\n      return beforeHooksChain().then((beforeStepHookResults) => {\n        return (0, cypress_1.runStepWithLogGroup)({\n          keyword: (0, assertions_1.ensure)(\"keyword\" in scenarioStep && scenarioStep.keyword, \"Expected to find a keyword in the scenario step\"),\n          argument,\n          text,\n          fn: () => {\n            var _a3, _b3;\n            try {\n              return registry2.runStepDefinition(this, text, dryRun, argument);\n            } catch (e) {\n              if (e instanceof registry_1.MissingDefinitionError || e instanceof registry_1.MultipleDefinitionsError) {\n                this.test._retries = this.test._currentRetry;\n              }\n              if (e instanceof registry_1.MissingDefinitionError) {\n                let parameterType = null;\n                if ((_a3 = pickleStep.argument) === null || _a3 === void 0 ? void 0 : _a3.dataTable) {\n                  parameterType = \"dataTable\";\n                } else if ((_b3 = pickleStep.argument) === null || _b3 === void 0 ? void 0 : _b3.docString) {\n                  parameterType = \"docString\";\n                }\n                const snippets = new cucumber_expressions_1.CucumberExpressionGenerator(() => context.registry.parameterTypeRegistry.parameterTypes).generateExpressions(pickleStep.text).map((expression) => (0, snippets_1.generateSnippet)(expression, (0, assertions_1.ensure)(pickleStep.type, \"Expected pickleStep to have a type\"), parameterType));\n                return taskSuggestion(context, {\n                  id: context.newId(),\n                  pickleStepId: pickleStep.id,\n                  snippets: snippets.map((code) => {\n                    return {\n                      language: \"javascript\",\n                      code\n                    };\n                  })\n                }).then(() => {\n                  throw new Error(createMissingStepDefinitionMessage(context, pickleStep, snippets));\n                });\n              } else {\n                throw e;\n              }\n            }\n          }\n        }).then(convertReturnValueToTestStepResultStatus).then((status) => {\n          const testStepResult = {\n            status,\n            duration: (0, messages_1.duration)(start, (0, messages_1.createTimestamp)())\n          };\n          return {\n            beforeStepHookResults,\n            testStepResult\n          };\n        });\n      }).then(({ beforeStepHookResults, testStepResult }) => {\n        return afterStepHooksChain().then((afterStepHookResults) => {\n          return messages.getWorstTestStepResult([\n            ...beforeStepHookResults,\n            testStepResult,\n            ...afterStepHookResults\n          ]);\n        });\n      });\n    }).then((testStepResult) => onAfterStep({ testStepResult, testStepId }));\n  }\n}",
              "err": {},
              "uuid": "d4c9693e-df2d-4b4a-9086-5081c40b7e9d",
              "parentUUID": "e773a537-88f4-461d-9825-e55c1388b9bd",
              "isHook": false,
              "skipped": false
            },
            {
              "title": "TC03_Login-Negative-Invalid-Data: Input Validation with Invalid Data (example #4)",
              "fullTitle": "US01 / TS01 - Login TC03_Login-Negative-Invalid-Data: Input Validation with Invalid Data (example #4)",
              "timedOut": null,
              "duration": 3535,
              "state": "passed",
              "speed": "fast",
              "pass": true,
              "fail": false,
              "pending": false,
              "context": "{\n  \"title\": \"cypress-mochawesome-reporter-videos-passed\",\n  \"value\": \"cypress\\\\e2e\\\\features\\\\TS01_Login.feature\"\n}",
              "code": "var _a2, _b2, _c2, _d, _e;\n(0, assertions_1.assert)(context.includedPickles[0].id === pickle.id, \"Included pickle stack is unsynchronized\");\nconst { remainingSteps, testCaseStartedId } = retrieveInternalSpecProperties();\ntaskTestCaseStarted(context, {\n  id: testCaseStartedId,\n  testCaseId,\n  attempt: attempt++,\n  timestamp: (0, messages_1.createTimestamp)()\n});\nwindow.testState = {\n  gherkinDocument,\n  pickles,\n  pickle\n};\nconst onAfterStep = (options) => {\n  var _a3, _b3, _c3;\n  const { testStepId, testStepResult } = options;\n  const end = (0, messages_1.createTimestamp)();\n  if (testStepResult.status === messages.TestStepResultStatus.PENDING || testStepResult.status === messages.TestStepResultStatus.SKIPPED) {\n    taskTestStepFinished(context, {\n      testStepId,\n      testCaseStartedId,\n      testStepResult,\n      timestamp: end\n    });\n    remainingSteps.shift();\n    for (const skippedStep of remainingSteps) {\n      const hookIdOrPickleStepId = (0, assertions_1.ensure)((_b3 = (_a3 = skippedStep.hook) === null || _a3 === void 0 ? void 0 : _a3.id) !== null && _b3 !== void 0 ? _b3 : (_c3 = skippedStep.pickleStep) === null || _c3 === void 0 ? void 0 : _c3.id, \"Expected a step to either be a hook or a pickleStep\");\n      const testStepId2 = getTestStepId({\n        context,\n        pickleId: pickle.id,\n        hookIdOrPickleStepId\n      });\n      taskTestStepStarted(context, {\n        testStepId: testStepId2,\n        testCaseStartedId,\n        timestamp: (0, messages_1.createTimestamp)()\n      });\n      taskTestStepFinished(context, {\n        testStepId: testStepId2,\n        testCaseStartedId,\n        testStepResult: {\n          status: messages.TestStepResultStatus.SKIPPED,\n          duration: {\n            seconds: 0,\n            nanos: 0\n          }\n        },\n        timestamp: (0, messages_1.createTimestamp)()\n      });\n    }\n    for (let i = 0, count = remainingSteps.length; i < count; i++) {\n      remainingSteps.pop();\n    }\n    cy.then(() => this.skip());\n  } else {\n    taskTestStepFinished(context, {\n      testStepId,\n      testCaseStartedId,\n      testStepResult,\n      timestamp: (0, messages_1.createTimestamp)()\n    });\n    remainingSteps.shift();\n  }\n};\nfor (const step of steps) {\n  if (step.hook) {\n    const hook = step.hook;\n    const testStepId = getTestStepId({\n      context,\n      pickleId: pickle.id,\n      hookIdOrPickleStepId: hook.id\n    });\n    cy.then(() => {\n      delete window.testState.pickleStep;\n      const start = (0, messages_1.createTimestamp)();\n      internalProperties.currentStepStartedAt = start;\n      taskTestStepStarted(context, {\n        testStepId,\n        testCaseStartedId,\n        timestamp: start\n      });\n      return cy.wrap(start, { log: false });\n    }).then((start) => {\n      const options = {\n        pickle,\n        gherkinDocument,\n        testCaseStartedId\n      };\n      return (0, cypress_1.runStepWithLogGroup)({\n        fn: dryRun ? noopFn : () => registry2.runCaseHook(this, hook, options),\n        keyword: hook.keyword,\n        text: createStepDescription(hook)\n      }).then(convertReturnValueToTestStepResultStatus).then((status) => {\n        return { start, status };\n      });\n    }).then(({ start, status }) => onAfterStep({\n      testStepResult: {\n        status,\n        duration: (0, messages_1.duration)(start, (0, messages_1.createTimestamp)())\n      },\n      testStepId\n    }));\n  } else if (step.pickleStep) {\n    const pickleStep = step.pickleStep;\n    const testStepId = getTestStepId({\n      context,\n      pickleId: pickle.id,\n      hookIdOrPickleStepId: pickleStep.id\n    });\n    const text = (0, assertions_1.ensure)(pickleStep.text, \"Expected pickle step to have a text\");\n    const scenarioStep = (0, assertions_1.ensure)(context.astIdsMap.get((0, assertions_1.ensure)((_a2 = pickleStep.astNodeIds) === null || _a2 === void 0 ? void 0 : _a2[0], \"Expected to find at least one astNodeId\")), `Expected to find scenario step associated with id = ${(_b2 = pickleStep.astNodeIds) === null || _b2 === void 0 ? void 0 : _b2[0]}`);\n    const argument = ((_c2 = pickleStep.argument) === null || _c2 === void 0 ? void 0 : _c2.dataTable) ? new data_table_1.default(pickleStep.argument.dataTable) : ((_e = (_d = pickleStep.argument) === null || _d === void 0 ? void 0 : _d.docString) === null || _e === void 0 ? void 0 : _e.content) ? pickleStep.argument.docString.content : void 0;\n    cy.then(() => {\n      window.testState.pickleStep = step.pickleStep;\n      const start = (0, messages_1.createTimestamp)();\n      internalProperties.currentStep = { pickleStep };\n      internalProperties.currentStepStartedAt = start;\n      taskTestStepStarted(context, {\n        testStepId,\n        testCaseStartedId,\n        timestamp: start\n      });\n      return cy.wrap(start, { log: false });\n    }).then((start) => {\n      const beforeStepHooks = registry2.resolveBeforeStepHooks(tags);\n      const afterStepHooks = registry2.resolveAfterStepHooks(tags);\n      const options = {\n        pickle,\n        pickleStep,\n        gherkinDocument,\n        testCaseStartedId,\n        testStepId\n      };\n      const beforeHooksChain = () => beforeStepHooks.reduce((chain, beforeStepHook) => {\n        return chain.then((results) => {\n          const start2 = (0, messages_1.createTimestamp)();\n          return (0, cypress_1.runStepWithLogGroup)({\n            keyword: \"BeforeStep\",\n            text: createStepDescription(beforeStepHook),\n            fn: dryRun ? noopFn : () => registry2.runStepHook(this, beforeStepHook, options)\n          }).then(convertReturnValueToTestStepResultStatus).then((status) => results.concat({\n            status,\n            duration: (0, messages_1.duration)(start2, (0, messages_1.createTimestamp)())\n          }));\n        });\n      }, cy.wrap([], { log: false }));\n      const afterStepHooksChain = () => afterStepHooks.reduce((chain, afterStepHook) => {\n        return chain.then((results) => {\n          const start2 = (0, messages_1.createTimestamp)();\n          return (0, cypress_1.runStepWithLogGroup)({\n            keyword: \"AfterStep\",\n            text: createStepDescription(afterStepHook),\n            fn: dryRun ? noopFn : () => registry2.runStepHook(this, afterStepHook, options)\n          }).then(convertReturnValueToTestStepResultStatus).then((status) => results.concat({\n            status,\n            duration: (0, messages_1.duration)(start2, (0, messages_1.createTimestamp)())\n          }));\n        });\n      }, cy.wrap([], {\n        log: false\n      }));\n      return beforeHooksChain().then((beforeStepHookResults) => {\n        return (0, cypress_1.runStepWithLogGroup)({\n          keyword: (0, assertions_1.ensure)(\"keyword\" in scenarioStep && scenarioStep.keyword, \"Expected to find a keyword in the scenario step\"),\n          argument,\n          text,\n          fn: () => {\n            var _a3, _b3;\n            try {\n              return registry2.runStepDefinition(this, text, dryRun, argument);\n            } catch (e) {\n              if (e instanceof registry_1.MissingDefinitionError || e instanceof registry_1.MultipleDefinitionsError) {\n                this.test._retries = this.test._currentRetry;\n              }\n              if (e instanceof registry_1.MissingDefinitionError) {\n                let parameterType = null;\n                if ((_a3 = pickleStep.argument) === null || _a3 === void 0 ? void 0 : _a3.dataTable) {\n                  parameterType = \"dataTable\";\n                } else if ((_b3 = pickleStep.argument) === null || _b3 === void 0 ? void 0 : _b3.docString) {\n                  parameterType = \"docString\";\n                }\n                const snippets = new cucumber_expressions_1.CucumberExpressionGenerator(() => context.registry.parameterTypeRegistry.parameterTypes).generateExpressions(pickleStep.text).map((expression) => (0, snippets_1.generateSnippet)(expression, (0, assertions_1.ensure)(pickleStep.type, \"Expected pickleStep to have a type\"), parameterType));\n                return taskSuggestion(context, {\n                  id: context.newId(),\n                  pickleStepId: pickleStep.id,\n                  snippets: snippets.map((code) => {\n                    return {\n                      language: \"javascript\",\n                      code\n                    };\n                  })\n                }).then(() => {\n                  throw new Error(createMissingStepDefinitionMessage(context, pickleStep, snippets));\n                });\n              } else {\n                throw e;\n              }\n            }\n          }\n        }).then(convertReturnValueToTestStepResultStatus).then((status) => {\n          const testStepResult = {\n            status,\n            duration: (0, messages_1.duration)(start, (0, messages_1.createTimestamp)())\n          };\n          return {\n            beforeStepHookResults,\n            testStepResult\n          };\n        });\n      }).then(({ beforeStepHookResults, testStepResult }) => {\n        return afterStepHooksChain().then((afterStepHookResults) => {\n          return messages.getWorstTestStepResult([\n            ...beforeStepHookResults,\n            testStepResult,\n            ...afterStepHookResults\n          ]);\n        });\n      });\n    }).then((testStepResult) => onAfterStep({ testStepResult, testStepId }));\n  }\n}",
              "err": {},
              "uuid": "d3e46880-d0cb-4cf8-9e9b-e76a6339e031",
              "parentUUID": "e773a537-88f4-461d-9825-e55c1388b9bd",
              "isHook": false,
              "skipped": false
            },
            {
              "title": "TC04_Account-Lockout-Policy: Account Lockout after Multiple Failed Attempts",
              "fullTitle": "US01 / TS01 - Login TC04_Account-Lockout-Policy: Account Lockout after Multiple Failed Attempts",
              "timedOut": null,
              "duration": 27046,
              "state": "failed",
              "speed": null,
              "pass": false,
              "fail": true,
              "pending": false,
              "context": "[\n  {\n    \"title\": \"cypress-mochawesome-reporter-videos-failed\",\n    \"value\": \"cypress\\\\e2e\\\\features\\\\TS01_Login.feature\"\n  },\n  {\n    \"title\": \"cypress-mochawesome-reporter-screenshots\",\n    \"value\": [\n      [\n        \"\\\\TS01_Login.feature\\\\US01  TS01 - Login -- TC04_Account-Lockout-Policy Account Lockout after Multiple Failed Attempts (failed).png\"\n      ]\n    ]\n  }\n]",
              "code": "var _a2, _b2, _c2, _d, _e;\n(0, assertions_1.assert)(context.includedPickles[0].id === pickle.id, \"Included pickle stack is unsynchronized\");\nconst { remainingSteps, testCaseStartedId } = retrieveInternalSpecProperties();\ntaskTestCaseStarted(context, {\n  id: testCaseStartedId,\n  testCaseId,\n  attempt: attempt++,\n  timestamp: (0, messages_1.createTimestamp)()\n});\nwindow.testState = {\n  gherkinDocument,\n  pickles,\n  pickle\n};\nconst onAfterStep = (options) => {\n  var _a3, _b3, _c3;\n  const { testStepId, testStepResult } = options;\n  const end = (0, messages_1.createTimestamp)();\n  if (testStepResult.status === messages.TestStepResultStatus.PENDING || testStepResult.status === messages.TestStepResultStatus.SKIPPED) {\n    taskTestStepFinished(context, {\n      testStepId,\n      testCaseStartedId,\n      testStepResult,\n      timestamp: end\n    });\n    remainingSteps.shift();\n    for (const skippedStep of remainingSteps) {\n      const hookIdOrPickleStepId = (0, assertions_1.ensure)((_b3 = (_a3 = skippedStep.hook) === null || _a3 === void 0 ? void 0 : _a3.id) !== null && _b3 !== void 0 ? _b3 : (_c3 = skippedStep.pickleStep) === null || _c3 === void 0 ? void 0 : _c3.id, \"Expected a step to either be a hook or a pickleStep\");\n      const testStepId2 = getTestStepId({\n        context,\n        pickleId: pickle.id,\n        hookIdOrPickleStepId\n      });\n      taskTestStepStarted(context, {\n        testStepId: testStepId2,\n        testCaseStartedId,\n        timestamp: (0, messages_1.createTimestamp)()\n      });\n      taskTestStepFinished(context, {\n        testStepId: testStepId2,\n        testCaseStartedId,\n        testStepResult: {\n          status: messages.TestStepResultStatus.SKIPPED,\n          duration: {\n            seconds: 0,\n            nanos: 0\n          }\n        },\n        timestamp: (0, messages_1.createTimestamp)()\n      });\n    }\n    for (let i = 0, count = remainingSteps.length; i < count; i++) {\n      remainingSteps.pop();\n    }\n    cy.then(() => this.skip());\n  } else {\n    taskTestStepFinished(context, {\n      testStepId,\n      testCaseStartedId,\n      testStepResult,\n      timestamp: (0, messages_1.createTimestamp)()\n    });\n    remainingSteps.shift();\n  }\n};\nfor (const step of steps) {\n  if (step.hook) {\n    const hook = step.hook;\n    const testStepId = getTestStepId({\n      context,\n      pickleId: pickle.id,\n      hookIdOrPickleStepId: hook.id\n    });\n    cy.then(() => {\n      delete window.testState.pickleStep;\n      const start = (0, messages_1.createTimestamp)();\n      internalProperties.currentStepStartedAt = start;\n      taskTestStepStarted(context, {\n        testStepId,\n        testCaseStartedId,\n        timestamp: start\n      });\n      return cy.wrap(start, { log: false });\n    }).then((start) => {\n      const options = {\n        pickle,\n        gherkinDocument,\n        testCaseStartedId\n      };\n      return (0, cypress_1.runStepWithLogGroup)({\n        fn: dryRun ? noopFn : () => registry2.runCaseHook(this, hook, options),\n        keyword: hook.keyword,\n        text: createStepDescription(hook)\n      }).then(convertReturnValueToTestStepResultStatus).then((status) => {\n        return { start, status };\n      });\n    }).then(({ start, status }) => onAfterStep({\n      testStepResult: {\n        status,\n        duration: (0, messages_1.duration)(start, (0, messages_1.createTimestamp)())\n      },\n      testStepId\n    }));\n  } else if (step.pickleStep) {\n    const pickleStep = step.pickleStep;\n    const testStepId = getTestStepId({\n      context,\n      pickleId: pickle.id,\n      hookIdOrPickleStepId: pickleStep.id\n    });\n    const text = (0, assertions_1.ensure)(pickleStep.text, \"Expected pickle step to have a text\");\n    const scenarioStep = (0, assertions_1.ensure)(context.astIdsMap.get((0, assertions_1.ensure)((_a2 = pickleStep.astNodeIds) === null || _a2 === void 0 ? void 0 : _a2[0], \"Expected to find at least one astNodeId\")), `Expected to find scenario step associated with id = ${(_b2 = pickleStep.astNodeIds) === null || _b2 === void 0 ? void 0 : _b2[0]}`);\n    const argument = ((_c2 = pickleStep.argument) === null || _c2 === void 0 ? void 0 : _c2.dataTable) ? new data_table_1.default(pickleStep.argument.dataTable) : ((_e = (_d = pickleStep.argument) === null || _d === void 0 ? void 0 : _d.docString) === null || _e === void 0 ? void 0 : _e.content) ? pickleStep.argument.docString.content : void 0;\n    cy.then(() => {\n      window.testState.pickleStep = step.pickleStep;\n      const start = (0, messages_1.createTimestamp)();\n      internalProperties.currentStep = { pickleStep };\n      internalProperties.currentStepStartedAt = start;\n      taskTestStepStarted(context, {\n        testStepId,\n        testCaseStartedId,\n        timestamp: start\n      });\n      return cy.wrap(start, { log: false });\n    }).then((start) => {\n      const beforeStepHooks = registry2.resolveBeforeStepHooks(tags);\n      const afterStepHooks = registry2.resolveAfterStepHooks(tags);\n      const options = {\n        pickle,\n        pickleStep,\n        gherkinDocument,\n        testCaseStartedId,\n        testStepId\n      };\n      const beforeHooksChain = () => beforeStepHooks.reduce((chain, beforeStepHook) => {\n        return chain.then((results) => {\n          const start2 = (0, messages_1.createTimestamp)();\n          return (0, cypress_1.runStepWithLogGroup)({\n            keyword: \"BeforeStep\",\n            text: createStepDescription(beforeStepHook),\n            fn: dryRun ? noopFn : () => registry2.runStepHook(this, beforeStepHook, options)\n          }).then(convertReturnValueToTestStepResultStatus).then((status) => results.concat({\n            status,\n            duration: (0, messages_1.duration)(start2, (0, messages_1.createTimestamp)())\n          }));\n        });\n      }, cy.wrap([], { log: false }));\n      const afterStepHooksChain = () => afterStepHooks.reduce((chain, afterStepHook) => {\n        return chain.then((results) => {\n          const start2 = (0, messages_1.createTimestamp)();\n          return (0, cypress_1.runStepWithLogGroup)({\n            keyword: \"AfterStep\",\n            text: createStepDescription(afterStepHook),\n            fn: dryRun ? noopFn : () => registry2.runStepHook(this, afterStepHook, options)\n          }).then(convertReturnValueToTestStepResultStatus).then((status) => results.concat({\n            status,\n            duration: (0, messages_1.duration)(start2, (0, messages_1.createTimestamp)())\n          }));\n        });\n      }, cy.wrap([], {\n        log: false\n      }));\n      return beforeHooksChain().then((beforeStepHookResults) => {\n        return (0, cypress_1.runStepWithLogGroup)({\n          keyword: (0, assertions_1.ensure)(\"keyword\" in scenarioStep && scenarioStep.keyword, \"Expected to find a keyword in the scenario step\"),\n          argument,\n          text,\n          fn: () => {\n            var _a3, _b3;\n            try {\n              return registry2.runStepDefinition(this, text, dryRun, argument);\n            } catch (e) {\n              if (e instanceof registry_1.MissingDefinitionError || e instanceof registry_1.MultipleDefinitionsError) {\n                this.test._retries = this.test._currentRetry;\n              }\n              if (e instanceof registry_1.MissingDefinitionError) {\n                let parameterType = null;\n                if ((_a3 = pickleStep.argument) === null || _a3 === void 0 ? void 0 : _a3.dataTable) {\n                  parameterType = \"dataTable\";\n                } else if ((_b3 = pickleStep.argument) === null || _b3 === void 0 ? void 0 : _b3.docString) {\n                  parameterType = \"docString\";\n                }\n                const snippets = new cucumber_expressions_1.CucumberExpressionGenerator(() => context.registry.parameterTypeRegistry.parameterTypes).generateExpressions(pickleStep.text).map((expression) => (0, snippets_1.generateSnippet)(expression, (0, assertions_1.ensure)(pickleStep.type, \"Expected pickleStep to have a type\"), parameterType));\n                return taskSuggestion(context, {\n                  id: context.newId(),\n                  pickleStepId: pickleStep.id,\n                  snippets: snippets.map((code) => {\n                    return {\n                      language: \"javascript\",\n                      code\n                    };\n                  })\n                }).then(() => {\n                  throw new Error(createMissingStepDefinitionMessage(context, pickleStep, snippets));\n                });\n              } else {\n                throw e;\n              }\n            }\n          }\n        }).then(convertReturnValueToTestStepResultStatus).then((status) => {\n          const testStepResult = {\n            status,\n            duration: (0, messages_1.duration)(start, (0, messages_1.createTimestamp)())\n          };\n          return {\n            beforeStepHookResults,\n            testStepResult\n          };\n        });\n      }).then(({ beforeStepHookResults, testStepResult }) => {\n        return afterStepHooksChain().then((afterStepHookResults) => {\n          return messages.getWorstTestStepResult([\n            ...beforeStepHookResults,\n            testStepResult,\n            ...afterStepHookResults\n          ]);\n        });\n      });\n    }).then((testStepResult) => onAfterStep({ testStepResult, testStepId }));\n  }\n}",
              "err": {
                "message": "AssertionError: Timed out retrying after 10000ms: Expected to find element: `.lockout-msg`, but never found it.",
                "estack": "AssertionError: Timed out retrying after 10000ms: Expected to find element: `.lockout-msg`, but never found it.\n    at LoginPage.verifyLockoutState (https://www.kitapsepeti.com/__cypress/tests?p=cypress\\e2e\\features\\TS01_Login.feature:17119:37)\n    at Context.eval (https://www.kitapsepeti.com/__cypress/tests?p=cypress\\e2e\\features\\TS01_Login.feature:17273:27)\n    at Registry.runStepDefinition (https://www.kitapsepeti.com/__cypress/tests?p=cypress\\e2e\\features\\TS01_Login.feature:9479:48)\n    at Object.fn (https://www.kitapsepeti.com/__cypress/tests?p=cypress\\e2e\\features\\TS01_Login.feature:16017:42)\n    at runStepWithLogGroup (https://www.kitapsepeti.com/__cypress/tests?p=cypress\\e2e\\features\\TS01_Login.feature:14961:29)\n    at Context.eval (https://www.kitapsepeti.com/__cypress/tests?p=cypress\\e2e\\features\\TS01_Login.feature:16010:60)\n    at getRet (https://www.kitapsepeti.com/__cypress/runner/cypress_runner.js:122798:20)\n    at tryCatcher (https://www.kitapsepeti.com/__cypress/runner/cypress_runner.js:1777:23)\n    at Promise.attempt.Promise.try (https://www.kitapsepeti.com/__cypress/runner/cypress_runner.js:4285:29)",
                "diff": null
              },
              "uuid": "b5b721ce-d5c2-48ec-8ef5-58287a279e04",
              "parentUUID": "e773a537-88f4-461d-9825-e55c1388b9bd",
              "isHook": false,
              "skipped": false
            },
            {
              "title": "TC05_Login-Forgot-Password: Verify Forgot Password Redirection",
              "fullTitle": "US01 / TS01 - Login TC05_Login-Forgot-Password: Verify Forgot Password Redirection",
              "timedOut": null,
              "duration": 5986,
              "state": "passed",
              "speed": "medium",
              "pass": true,
              "fail": false,
              "pending": false,
              "context": "{\n  \"title\": \"cypress-mochawesome-reporter-videos-passed\",\n  \"value\": \"cypress\\\\e2e\\\\features\\\\TS01_Login.feature\"\n}",
              "code": "var _a2, _b2, _c2, _d, _e;\n(0, assertions_1.assert)(context.includedPickles[0].id === pickle.id, \"Included pickle stack is unsynchronized\");\nconst { remainingSteps, testCaseStartedId } = retrieveInternalSpecProperties();\ntaskTestCaseStarted(context, {\n  id: testCaseStartedId,\n  testCaseId,\n  attempt: attempt++,\n  timestamp: (0, messages_1.createTimestamp)()\n});\nwindow.testState = {\n  gherkinDocument,\n  pickles,\n  pickle\n};\nconst onAfterStep = (options) => {\n  var _a3, _b3, _c3;\n  const { testStepId, testStepResult } = options;\n  const end = (0, messages_1.createTimestamp)();\n  if (testStepResult.status === messages.TestStepResultStatus.PENDING || testStepResult.status === messages.TestStepResultStatus.SKIPPED) {\n    taskTestStepFinished(context, {\n      testStepId,\n      testCaseStartedId,\n      testStepResult,\n      timestamp: end\n    });\n    remainingSteps.shift();\n    for (const skippedStep of remainingSteps) {\n      const hookIdOrPickleStepId = (0, assertions_1.ensure)((_b3 = (_a3 = skippedStep.hook) === null || _a3 === void 0 ? void 0 : _a3.id) !== null && _b3 !== void 0 ? _b3 : (_c3 = skippedStep.pickleStep) === null || _c3 === void 0 ? void 0 : _c3.id, \"Expected a step to either be a hook or a pickleStep\");\n      const testStepId2 = getTestStepId({\n        context,\n        pickleId: pickle.id,\n        hookIdOrPickleStepId\n      });\n      taskTestStepStarted(context, {\n        testStepId: testStepId2,\n        testCaseStartedId,\n        timestamp: (0, messages_1.createTimestamp)()\n      });\n      taskTestStepFinished(context, {\n        testStepId: testStepId2,\n        testCaseStartedId,\n        testStepResult: {\n          status: messages.TestStepResultStatus.SKIPPED,\n          duration: {\n            seconds: 0,\n            nanos: 0\n          }\n        },\n        timestamp: (0, messages_1.createTimestamp)()\n      });\n    }\n    for (let i = 0, count = remainingSteps.length; i < count; i++) {\n      remainingSteps.pop();\n    }\n    cy.then(() => this.skip());\n  } else {\n    taskTestStepFinished(context, {\n      testStepId,\n      testCaseStartedId,\n      testStepResult,\n      timestamp: (0, messages_1.createTimestamp)()\n    });\n    remainingSteps.shift();\n  }\n};\nfor (const step of steps) {\n  if (step.hook) {\n    const hook = step.hook;\n    const testStepId = getTestStepId({\n      context,\n      pickleId: pickle.id,\n      hookIdOrPickleStepId: hook.id\n    });\n    cy.then(() => {\n      delete window.testState.pickleStep;\n      const start = (0, messages_1.createTimestamp)();\n      internalProperties.currentStepStartedAt = start;\n      taskTestStepStarted(context, {\n        testStepId,\n        testCaseStartedId,\n        timestamp: start\n      });\n      return cy.wrap(start, { log: false });\n    }).then((start) => {\n      const options = {\n        pickle,\n        gherkinDocument,\n        testCaseStartedId\n      };\n      return (0, cypress_1.runStepWithLogGroup)({\n        fn: dryRun ? noopFn : () => registry2.runCaseHook(this, hook, options),\n        keyword: hook.keyword,\n        text: createStepDescription(hook)\n      }).then(convertReturnValueToTestStepResultStatus).then((status) => {\n        return { start, status };\n      });\n    }).then(({ start, status }) => onAfterStep({\n      testStepResult: {\n        status,\n        duration: (0, messages_1.duration)(start, (0, messages_1.createTimestamp)())\n      },\n      testStepId\n    }));\n  } else if (step.pickleStep) {\n    const pickleStep = step.pickleStep;\n    const testStepId = getTestStepId({\n      context,\n      pickleId: pickle.id,\n      hookIdOrPickleStepId: pickleStep.id\n    });\n    const text = (0, assertions_1.ensure)(pickleStep.text, \"Expected pickle step to have a text\");\n    const scenarioStep = (0, assertions_1.ensure)(context.astIdsMap.get((0, assertions_1.ensure)((_a2 = pickleStep.astNodeIds) === null || _a2 === void 0 ? void 0 : _a2[0], \"Expected to find at least one astNodeId\")), `Expected to find scenario step associated with id = ${(_b2 = pickleStep.astNodeIds) === null || _b2 === void 0 ? void 0 : _b2[0]}`);\n    const argument = ((_c2 = pickleStep.argument) === null || _c2 === void 0 ? void 0 : _c2.dataTable) ? new data_table_1.default(pickleStep.argument.dataTable) : ((_e = (_d = pickleStep.argument) === null || _d === void 0 ? void 0 : _d.docString) === null || _e === void 0 ? void 0 : _e.content) ? pickleStep.argument.docString.content : void 0;\n    cy.then(() => {\n      window.testState.pickleStep = step.pickleStep;\n      const start = (0, messages_1.createTimestamp)();\n      internalProperties.currentStep = { pickleStep };\n      internalProperties.currentStepStartedAt = start;\n      taskTestStepStarted(context, {\n        testStepId,\n        testCaseStartedId,\n        timestamp: start\n      });\n      return cy.wrap(start, { log: false });\n    }).then((start) => {\n      const beforeStepHooks = registry2.resolveBeforeStepHooks(tags);\n      const afterStepHooks = registry2.resolveAfterStepHooks(tags);\n      const options = {\n        pickle,\n        pickleStep,\n        gherkinDocument,\n        testCaseStartedId,\n        testStepId\n      };\n      const beforeHooksChain = () => beforeStepHooks.reduce((chain, beforeStepHook) => {\n        return chain.then((results) => {\n          const start2 = (0, messages_1.createTimestamp)();\n          return (0, cypress_1.runStepWithLogGroup)({\n            keyword: \"BeforeStep\",\n            text: createStepDescription(beforeStepHook),\n            fn: dryRun ? noopFn : () => registry2.runStepHook(this, beforeStepHook, options)\n          }).then(convertReturnValueToTestStepResultStatus).then((status) => results.concat({\n            status,\n            duration: (0, messages_1.duration)(start2, (0, messages_1.createTimestamp)())\n          }));\n        });\n      }, cy.wrap([], { log: false }));\n      const afterStepHooksChain = () => afterStepHooks.reduce((chain, afterStepHook) => {\n        return chain.then((results) => {\n          const start2 = (0, messages_1.createTimestamp)();\n          return (0, cypress_1.runStepWithLogGroup)({\n            keyword: \"AfterStep\",\n            text: createStepDescription(afterStepHook),\n            fn: dryRun ? noopFn : () => registry2.runStepHook(this, afterStepHook, options)\n          }).then(convertReturnValueToTestStepResultStatus).then((status) => results.concat({\n            status,\n            duration: (0, messages_1.duration)(start2, (0, messages_1.createTimestamp)())\n          }));\n        });\n      }, cy.wrap([], {\n        log: false\n      }));\n      return beforeHooksChain().then((beforeStepHookResults) => {\n        return (0, cypress_1.runStepWithLogGroup)({\n          keyword: (0, assertions_1.ensure)(\"keyword\" in scenarioStep && scenarioStep.keyword, \"Expected to find a keyword in the scenario step\"),\n          argument,\n          text,\n          fn: () => {\n            var _a3, _b3;\n            try {\n              return registry2.runStepDefinition(this, text, dryRun, argument);\n            } catch (e) {\n              if (e instanceof registry_1.MissingDefinitionError || e instanceof registry_1.MultipleDefinitionsError) {\n                this.test._retries = this.test._currentRetry;\n              }\n              if (e instanceof registry_1.MissingDefinitionError) {\n                let parameterType = null;\n                if ((_a3 = pickleStep.argument) === null || _a3 === void 0 ? void 0 : _a3.dataTable) {\n                  parameterType = \"dataTable\";\n                } else if ((_b3 = pickleStep.argument) === null || _b3 === void 0 ? void 0 : _b3.docString) {\n                  parameterType = \"docString\";\n                }\n                const snippets = new cucumber_expressions_1.CucumberExpressionGenerator(() => context.registry.parameterTypeRegistry.parameterTypes).generateExpressions(pickleStep.text).map((expression) => (0, snippets_1.generateSnippet)(expression, (0, assertions_1.ensure)(pickleStep.type, \"Expected pickleStep to have a type\"), parameterType));\n                return taskSuggestion(context, {\n                  id: context.newId(),\n                  pickleStepId: pickleStep.id,\n                  snippets: snippets.map((code) => {\n                    return {\n                      language: \"javascript\",\n                      code\n                    };\n                  })\n                }).then(() => {\n                  throw new Error(createMissingStepDefinitionMessage(context, pickleStep, snippets));\n                });\n              } else {\n                throw e;\n              }\n            }\n          }\n        }).then(convertReturnValueToTestStepResultStatus).then((status) => {\n          const testStepResult = {\n            status,\n            duration: (0, messages_1.duration)(start, (0, messages_1.createTimestamp)())\n          };\n          return {\n            beforeStepHookResults,\n            testStepResult\n          };\n        });\n      }).then(({ beforeStepHookResults, testStepResult }) => {\n        return afterStepHooksChain().then((afterStepHookResults) => {\n          return messages.getWorstTestStepResult([\n            ...beforeStepHookResults,\n            testStepResult,\n            ...afterStepHookResults\n          ]);\n        });\n      });\n    }).then((testStepResult) => onAfterStep({ testStepResult, testStepId }));\n  }\n}",
              "err": {},
              "uuid": "e41cec45-d4ea-40a6-b0b7-9bcfe1e87131",
              "parentUUID": "e773a537-88f4-461d-9825-e55c1388b9bd",
              "isHook": false,
              "skipped": false
            }
          ],
          "suites": [],
          "passes": [
            "22152386-a1f8-49fc-ac26-89f4c590ddaa",
            "0d853dc3-c9be-448b-a356-74cdce3de34d",
            "f0e9f782-a634-4ba8-8dbc-1cf2aa029cc1",
            "a4730b90-2288-43e4-b781-3be7bb0a8552",
            "d4c9693e-df2d-4b4a-9086-5081c40b7e9d",
            "d3e46880-d0cb-4cf8-9e9b-e76a6339e031",
            "e41cec45-d4ea-40a6-b0b7-9bcfe1e87131"
          ],
          "failures": [
            "b5b721ce-d5c2-48ec-8ef5-58287a279e04"
          ],
          "pending": [],
          "skipped": [],
          "duration": 63719,
          "root": false,
          "rootEmpty": false,
          "_timeout": 2000
        }
      ],
      "passes": [],
      "failures": [],
      "pending": [],
      "skipped": [],
      "duration": 0,
      "root": true,
      "rootEmpty": true,
      "_timeout": 2000
    }
  ],
  "meta": {
    "mocha": {
      "version": "7.2.0"
    },
    "mochawesome": {
      "options": {
        "quiet": false,
        "reportFilename": "mochawesome",
        "saveHtml": false,
        "saveJson": true,
        "consoleReporter": "spec",
        "useInlineDiffs": false,
        "code": true
      },
      "version": "7.1.4"
    },
    "marge": {
      "options": {
        "overwrite": false,
        "html": false,
        "json": true,
        "reportDir": "cypress\\reports\\html\\.jsons"
      },
      "version": "6.3.2"
    }
  }
}